Determining if the function crc32c_value exists in the crc32c failed with the following output:
Change Dir: /home/slx/riscv/OpenHarmony/third_party/leveldb/CMakeFiles/CMakeTmp

Run Build Command(s):/usr/bin/make -f Makefile cmTC_b422b/fast && /usr/bin/make  -f CMakeFiles/cmTC_b422b.dir/build.make CMakeFiles/cmTC_b422b.dir/build
make[1]: Entering directory '/home/slx/riscv/OpenHarmony/third_party/leveldb/CMakeFiles/CMakeTmp'
Building C object CMakeFiles/cmTC_b422b.dir/CheckFunctionExists.c.o
/usr/bin/cc   -DCHECK_FUNCTION_EXISTS=crc32c_value -std=c11 -o CMakeFiles/cmTC_b422b.dir/CheckFunctionExists.c.o -c /usr/local/share/cmake-3.23/Modules/CheckFunctionExists.c
Linking C executable cmTC_b422b
/usr/local/bin/cmake -E cmake_link_script CMakeFiles/cmTC_b422b.dir/link.txt --verbose=1
/usr/bin/cc  -DCHECK_FUNCTION_EXISTS=crc32c_value CMakeFiles/cmTC_b422b.dir/CheckFunctionExists.c.o -o cmTC_b422b  -lcrc32c 
/usr/bin/ld: cannot find -lcrc32c
collect2: error: ld returned 1 exit status
make[1]: *** [CMakeFiles/cmTC_b422b.dir/build.make:99: cmTC_b422b] Error 1
make[1]: Leaving directory '/home/slx/riscv/OpenHarmony/third_party/leveldb/CMakeFiles/CMakeTmp'
make: *** [Makefile:127: cmTC_b422b/fast] Error 2



Determining if the function snappy_compress exists in the snappy failed with the following output:
Change Dir: /home/slx/riscv/OpenHarmony/third_party/leveldb/CMakeFiles/CMakeTmp

Run Build Command(s):/usr/bin/make -f Makefile cmTC_c2ce5/fast && /usr/bin/make  -f CMakeFiles/cmTC_c2ce5.dir/build.make CMakeFiles/cmTC_c2ce5.dir/build
make[1]: Entering directory '/home/slx/riscv/OpenHarmony/third_party/leveldb/CMakeFiles/CMakeTmp'
Building C object CMakeFiles/cmTC_c2ce5.dir/CheckFunctionExists.c.o
/usr/bin/cc   -DCHECK_FUNCTION_EXISTS=snappy_compress -std=c11 -o CMakeFiles/cmTC_c2ce5.dir/CheckFunctionExists.c.o -c /usr/local/share/cmake-3.23/Modules/CheckFunctionExists.c
Linking C executable cmTC_c2ce5
/usr/local/bin/cmake -E cmake_link_script CMakeFiles/cmTC_c2ce5.dir/link.txt --verbose=1
/usr/bin/cc  -DCHECK_FUNCTION_EXISTS=snappy_compress CMakeFiles/cmTC_c2ce5.dir/CheckFunctionExists.c.o -o cmTC_c2ce5  -lsnappy 
/usr/bin/ld: cannot find -lsnappy
collect2: error: ld returned 1 exit status
make[1]: *** [CMakeFiles/cmTC_c2ce5.dir/build.make:99: cmTC_c2ce5] Error 1
make[1]: Leaving directory '/home/slx/riscv/OpenHarmony/third_party/leveldb/CMakeFiles/CMakeTmp'
make: *** [Makefile:127: cmTC_c2ce5/fast] Error 2



Determining if the function malloc exists in the tcmalloc failed with the following output:
Change Dir: /home/slx/riscv/OpenHarmony/third_party/leveldb/CMakeFiles/CMakeTmp

Run Build Command(s):/usr/bin/make -f Makefile cmTC_04bc1/fast && /usr/bin/make  -f CMakeFiles/cmTC_04bc1.dir/build.make CMakeFiles/cmTC_04bc1.dir/build
make[1]: Entering directory '/home/slx/riscv/OpenHarmony/third_party/leveldb/CMakeFiles/CMakeTmp'
Building C object CMakeFiles/cmTC_04bc1.dir/CheckFunctionExists.c.o
/usr/bin/cc   -DCHECK_FUNCTION_EXISTS=malloc -std=c11 -o CMakeFiles/cmTC_04bc1.dir/CheckFunctionExists.c.o -c /usr/local/share/cmake-3.23/Modules/CheckFunctionExists.c
<command-line>: warning: conflicting types for built-in function ‘malloc’; expected ‘void *(long unsigned int)’ [-Wbuiltin-declaration-mismatch]
/usr/local/share/cmake-3.23/Modules/CheckFunctionExists.c:7:3: note: in expansion of macro ‘CHECK_FUNCTION_EXISTS’
    7 |   CHECK_FUNCTION_EXISTS(void);
      |   ^~~~~~~~~~~~~~~~~~~~~
/usr/local/share/cmake-3.23/Modules/CheckFunctionExists.c:1:1: note: ‘malloc’ is declared in header ‘<stdlib.h>’
  +++ |+#include <stdlib.h>
    1 | #ifdef CHECK_FUNCTION_EXISTS
Linking C executable cmTC_04bc1
/usr/local/bin/cmake -E cmake_link_script CMakeFiles/cmTC_04bc1.dir/link.txt --verbose=1
/usr/bin/cc  -DCHECK_FUNCTION_EXISTS=malloc CMakeFiles/cmTC_04bc1.dir/CheckFunctionExists.c.o -o cmTC_04bc1  -ltcmalloc 
/usr/bin/ld: cannot find -ltcmalloc
collect2: error: ld returned 1 exit status
make[1]: *** [CMakeFiles/cmTC_04bc1.dir/build.make:99: cmTC_04bc1] Error 1
make[1]: Leaving directory '/home/slx/riscv/OpenHarmony/third_party/leveldb/CMakeFiles/CMakeTmp'
make: *** [Makefile:127: cmTC_04bc1/fast] Error 2



Determining if the F_FULLFSYNC exist failed with the following output:
Change Dir: /home/slx/riscv/OpenHarmony/third_party/leveldb/CMakeFiles/CMakeTmp

Run Build Command(s):/usr/bin/make -f Makefile cmTC_5950f/fast && /usr/bin/make  -f CMakeFiles/cmTC_5950f.dir/build.make CMakeFiles/cmTC_5950f.dir/build
make[1]: Entering directory '/home/slx/riscv/OpenHarmony/third_party/leveldb/CMakeFiles/CMakeTmp'
Building CXX object CMakeFiles/cmTC_5950f.dir/CheckSymbolExists.cxx.o
/usr/bin/c++   -std=c++11 -o CMakeFiles/cmTC_5950f.dir/CheckSymbolExists.cxx.o -c /home/slx/riscv/OpenHarmony/third_party/leveldb/CMakeFiles/CMakeTmp/CheckSymbolExists.cxx
/home/slx/riscv/OpenHarmony/third_party/leveldb/CMakeFiles/CMakeTmp/CheckSymbolExists.cxx: In function ‘int main(int, char**)’:
/home/slx/riscv/OpenHarmony/third_party/leveldb/CMakeFiles/CMakeTmp/CheckSymbolExists.cxx:8:19: error: ‘F_FULLFSYNC’ was not declared in this scope
    8 |   return ((int*)(&F_FULLFSYNC))[argc];
      |                   ^~~~~~~~~~~
make[1]: *** [CMakeFiles/cmTC_5950f.dir/build.make:78: CMakeFiles/cmTC_5950f.dir/CheckSymbolExists.cxx.o] Error 1
make[1]: Leaving directory '/home/slx/riscv/OpenHarmony/third_party/leveldb/CMakeFiles/CMakeTmp'
make: *** [Makefile:127: cmTC_5950f/fast] Error 2


File /home/slx/riscv/OpenHarmony/third_party/leveldb/CMakeFiles/CMakeTmp/CheckSymbolExists.cxx:
/* */
#include <fcntl.h>

int main(int argc, char** argv)
{
  (void)argv;
#ifndef F_FULLFSYNC
  return ((int*)(&F_FULLFSYNC))[argc];
#else
  (void)argc;
  return 0;
#endif
}
Performing C++ SOURCE FILE Test HAVE_CLANG_THREAD_SAFETY failed with the following output:
Change Dir: /home/slx/riscv/OpenHarmony/third_party/leveldb/CMakeFiles/CMakeTmp

Run Build Command(s):/usr/bin/make -f Makefile cmTC_ad6e7/fast && /usr/bin/make  -f CMakeFiles/cmTC_ad6e7.dir/build.make CMakeFiles/cmTC_ad6e7.dir/build
make[1]: Entering directory '/home/slx/riscv/OpenHarmony/third_party/leveldb/CMakeFiles/CMakeTmp'
Building CXX object CMakeFiles/cmTC_ad6e7.dir/src.cxx.o
/usr/bin/c++ -DHAVE_CLANG_THREAD_SAFETY  -fno-exceptions -fno-rtti    -Wthread-safety -std=c++11 -o CMakeFiles/cmTC_ad6e7.dir/src.cxx.o -c /home/slx/riscv/OpenHarmony/third_party/leveldb/CMakeFiles/CMakeTmp/src.cxx
c++: error: unrecognized command line option '-Wthread-safety'
make[1]: *** [CMakeFiles/cmTC_ad6e7.dir/build.make:78: CMakeFiles/cmTC_ad6e7.dir/src.cxx.o] Error 1
make[1]: Leaving directory '/home/slx/riscv/OpenHarmony/third_party/leveldb/CMakeFiles/CMakeTmp'
make: *** [Makefile:127: cmTC_ad6e7/fast] Error 2


Source file was:
int main() { return 0; }
